<?xml version="1.0" encoding="UTF-8"?>
<!-- Generated by org.testng.reporters.JUnitXMLReporter -->
<testsuite hostname="Raktim" ignored="0" name="Test" tests="4" failures="0" timestamp="02 Jan 2022 08:00:07 GMT" time="0.046" errors="0">
  <testcase name="m1" time="0.01" classname="TestNG.TestConfiguration2"/>
  <testcase name="m2" time="0.002" classname="TestNG.TestConfiguration2"/>
  <testcase name="m3" time="0.001" classname="TestNG.TestConfiguration1"/>
  <testcase name="m4" time="0.001" classname="TestNG.TestConfiguration1"/>
</testsuite> <!-- Test -->
