<?xml version="1.0" encoding="UTF-8"?>
<testng-results skipped="0" failed="0" ignored="0" total="1" passed="1">
  <reporter-output>
  </reporter-output>
  <suite name="Suite" duration-ms="5749" started-at="2021-11-27T22:11:30 IST" finished-at="2021-11-27T22:11:36 IST">
    <groups>
    </groups>
    <test name="Test" duration-ms="5749" started-at="2021-11-27T22:11:30 IST" finished-at="2021-11-27T22:11:36 IST">
      <class name="JenkinsDemo.demoJenkins.OpenBrowser">
        <test-method status="PASS" signature="openBrowser()[pri:0, instance:JenkinsDemo.demoJenkins.OpenBrowser@6e0e048a]" name="openBrowser" is-config="true" duration-ms="4713" started-at="2021-11-27T22:11:30 IST" finished-at="2021-11-27T22:11:35 IST">
          <reporter-output>
          </reporter-output>
        </test-method> <!-- openBrowser -->
        <test-method status="PASS" signature="getTitle()[pri:0, instance:JenkinsDemo.demoJenkins.OpenBrowser@6e0e048a]" name="getTitle" duration-ms="14" started-at="2021-11-27T22:11:35 IST" finished-at="2021-11-27T22:11:35 IST">
          <reporter-output>
          </reporter-output>
        </test-method> <!-- getTitle -->
        <test-method status="PASS" signature="closeBrowser()[pri:0, instance:JenkinsDemo.demoJenkins.OpenBrowser@6e0e048a]" name="closeBrowser" is-config="true" duration-ms="931" started-at="2021-11-27T22:11:35 IST" finished-at="2021-11-27T22:11:36 IST">
          <reporter-output>
          </reporter-output>
        </test-method> <!-- closeBrowser -->
      </class> <!-- JenkinsDemo.demoJenkins.OpenBrowser -->
    </test> <!-- Test -->
  </suite> <!-- Suite -->
</testng-results>
