<?xml version="1.0" encoding="UTF-8"?>
<testng-results ignored="0" total="5" passed="5" failed="0" skipped="0">
  <reporter-output>
  </reporter-output>
  <suite started-at="2022-07-25T06:40:50Z" name="Suite" finished-at="2022-07-25T06:40:50Z" duration-ms="140">
    <groups>
    </groups>
    <test started-at="2022-07-25T06:40:50Z" name="Test1" finished-at="2022-07-25T06:40:50Z" duration-ms="83">
      <class name="TestNG.TestConfiguration1">
        <test-method signature="m3()[pri:0, instance:TestNG.TestConfiguration1@65f095f8]" started-at="2022-07-25T06:40:50Z" name="m3" finished-at="2022-07-25T06:40:50Z" duration-ms="12" status="PASS">
          <reporter-output>
          </reporter-output>
        </test-method> <!-- m3 -->
        <test-method signature="m4()[pri:0, instance:TestNG.TestConfiguration1@65f095f8]" started-at="2022-07-25T06:40:50Z" name="m4" finished-at="2022-07-25T06:40:50Z" duration-ms="1" status="PASS">
          <reporter-output>
          </reporter-output>
        </test-method> <!-- m4 -->
      </class> <!-- TestNG.TestConfiguration1 -->
    </test> <!-- Test1 -->
    <test started-at="2022-07-25T06:40:50Z" name="Test2" finished-at="2022-07-25T06:40:50Z" duration-ms="3">
      <class name="TestNG.TestConfiguration2">
        <test-method signature="m1()[pri:0, instance:TestNG.TestConfiguration2@649bec2e]" started-at="2022-07-25T06:40:50Z" name="m1" finished-at="2022-07-25T06:40:50Z" duration-ms="1" status="PASS">
          <reporter-output>
          </reporter-output>
        </test-method> <!-- m1 -->
        <test-method signature="m2()[pri:0, instance:TestNG.TestConfiguration2@649bec2e]" started-at="2022-07-25T06:40:50Z" name="m2" finished-at="2022-07-25T06:40:50Z" duration-ms="0" status="PASS">
          <reporter-output>
          </reporter-output>
        </test-method> <!-- m2 -->
        <test-method signature="m6()[pri:0, instance:TestNG.TestConfiguration2@649bec2e]" started-at="2022-07-25T06:40:50Z" name="m6" finished-at="2022-07-25T06:40:50Z" duration-ms="0" status="PASS">
          <reporter-output>
          </reporter-output>
        </test-method> <!-- m6 -->
      </class> <!-- TestNG.TestConfiguration2 -->
    </test> <!-- Test2 -->
  </suite> <!-- Suite -->
</testng-results>
