<?xml version="1.0" encoding="UTF-8"?>
<testng-results skipped="0" failed="0" ignored="0" total="4" passed="4">
  <reporter-output>
  </reporter-output>
  <suite name="Suite" duration-ms="46" started-at="2022-01-02T08:00:07Z" finished-at="2022-01-02T08:00:07Z">
    <groups>
    </groups>
    <test name="Test" duration-ms="46" started-at="2022-01-02T08:00:07Z" finished-at="2022-01-02T08:00:07Z">
      <class name="TestNG.TestConfiguration2">
        <test-method status="PASS" signature="m1()[pri:0, instance:TestNG.TestConfiguration2@5db250b4]" name="m1" duration-ms="10" started-at="2022-01-02T08:00:07Z" finished-at="2022-01-02T08:00:07Z">
          <reporter-output>
          </reporter-output>
        </test-method> <!-- m1 -->
        <test-method status="PASS" signature="m2()[pri:0, instance:TestNG.TestConfiguration2@5db250b4]" name="m2" duration-ms="2" started-at="2022-01-02T08:00:07Z" finished-at="2022-01-02T08:00:07Z">
          <reporter-output>
          </reporter-output>
        </test-method> <!-- m2 -->
      </class> <!-- TestNG.TestConfiguration2 -->
      <class name="TestNG.TestConfiguration1">
        <test-method status="PASS" signature="m3()[pri:0, instance:TestNG.TestConfiguration1@223f3642]" name="m3" duration-ms="1" started-at="2022-01-02T08:00:07Z" finished-at="2022-01-02T08:00:07Z">
          <reporter-output>
          </reporter-output>
        </test-method> <!-- m3 -->
        <test-method status="PASS" signature="m4()[pri:0, instance:TestNG.TestConfiguration1@223f3642]" name="m4" duration-ms="1" started-at="2022-01-02T08:00:07Z" finished-at="2022-01-02T08:00:07Z">
          <reporter-output>
          </reporter-output>
        </test-method> <!-- m4 -->
      </class> <!-- TestNG.TestConfiguration1 -->
    </test> <!-- Test -->
  </suite> <!-- Suite -->
</testng-results>
