<?xml version="1.0" encoding="UTF-8"?>
<testng-results ignored="0" total="1" passed="1" failed="0" skipped="0">
  <reporter-output>
  </reporter-output>
  <suite started-at="2022-07-07T09:15:38Z" name="Default suite" finished-at="2022-07-07T09:15:42Z" duration-ms="4457">
    <groups>
    </groups>
    <test started-at="2022-07-07T09:15:38Z" name="Default test" finished-at="2022-07-07T09:15:42Z" duration-ms="4457">
      <class name="com.qa.graphql.GraphQlQueryTest">
        <test-method signature="getAllFilmsTest()[pri:0, instance:com.qa.graphql.GraphQlQueryTest@6cd28fa7]" started-at="2022-07-07T09:15:38Z" name="getAllFilmsTest" finished-at="2022-07-07T09:15:42Z" duration-ms="4416" status="PASS">
          <reporter-output>
          </reporter-output>
        </test-method> <!-- getAllFilmsTest -->
      </class> <!-- com.qa.graphql.GraphQlQueryTest -->
    </test> <!-- Default test -->
  </suite> <!-- Default suite -->
</testng-results>
